[32m2025-09-10 22:54:58 +0800[0m - dagster - [34mDEBUG[0m - __ASSET_JOB - 35cd1f96-c0a6-4eb0-943c-d66098b55065 - 166387 - LOGS_CAPTURED - Started capturing logs in process (pid: 166387).
[32m2025-09-10 22:54:58 +0800[0m - dagster - [34mDEBUG[0m - __ASSET_JOB - 35cd1f96-c0a6-4eb0-943c-d66098b55065 - 166387 - pipeline_dbt_seed - STEP_START - Started execution of step "pipeline_dbt_seed".
[32m2025-09-10 22:54:58 +0800[0m - dagster - [34mINFO[0m - __ASSET_JOB - 35cd1f96-c0a6-4eb0-943c-d66098b55065 - pipeline_dbt_seed - Running dbt command: dbt seed --project-dir /home/ser/DSAI/5m-data-m2-project-2/5m-data-m2-project/dagster-orchestration/dagster_orchestration/assets/../../../dbt_olist --profiles-dir /home/ser/DSAI/5m-data-m2-project-2/5m-data-m2-project/dagster-orchestration/dagster_orchestration/assets/../../../dbt_olist
[32m2025-09-10 22:55:24 +0800[0m - dagster - [34mINFO[0m - __ASSET_JOB - 35cd1f96-c0a6-4eb0-943c-d66098b55065 - pipeline_dbt_seed - [0m14:55:00  Running with dbt=1.9.6
[0m14:55:04  Registered adapter: bigquery=1.9.2
[0m14:55:04  Found 46 models, 1 seed, 2 operations, 63 data tests, 9 sources, 1678 macros
[0m14:55:05  
[0m14:55:05  Concurrency: 4 threads (target='dev')
[0m14:55:05  
[0m14:55:06  Elementary: Runtime data: {"config": {}, "dbt_version": "1.9.6", "elementary_version": "0.19.4", "database": "calm-analogy-468216-e0", "schema": "m2_prod_elementary"}
[0m14:55:06  1 of 1 START hook: elementary.on-run-start.0 ................................... [RUN]
[0m14:55:06  1 of 1 OK hook: elementary.on-run-start.0 ...................................... [[32mOK[0m in 0.08s]
[0m14:55:06  
[0m14:55:06  1 of 1 START seed file m2_prod.product_category_name_translation ............... [RUN]
[0m14:55:13  1 of 1 OK loaded seed file m2_prod.product_category_name_translation ........... [[32mINSERT 71[0m in 6.92s]
[0m14:55:13  
[0m14:55:21  1 of 1 START hook: elementary.on-run-end.0 ..................................... [RUN]
[0m14:55:21  1 of 1 OK hook: elementary.on-run-end.0 ........................................ [[32mOK[0m in 8.89s]
[0m14:55:22  
[0m14:55:22  Finished running 2 project hooks, 1 seed in 0 hours 0 minutes and 16.99 seconds (16.99s).
[0m14:55:22  
[0m14:55:22  [32mCompleted successfully[0m
[0m14:55:22  
[0m14:55:22  Done. PASS=3 WARN=0 ERROR=0 SKIP=0 TOTAL=3

[32m2025-09-10 22:55:24 +0800[0m - dagster - [34mDEBUG[0m - __ASSET_JOB - 35cd1f96-c0a6-4eb0-943c-d66098b55065 - 166387 - pipeline_dbt_seed - STEP_OUTPUT - Yielded output "result" of type "Nothing". (Type check passed).
[32m2025-09-10 22:55:24 +0800[0m - dagster - [34mDEBUG[0m - __ASSET_JOB - 35cd1f96-c0a6-4eb0-943c-d66098b55065 - 166387 - pipeline_dbt_seed - ASSET_MATERIALIZATION - Materialized value pipeline_dbt_seed.
[32m2025-09-10 22:55:24 +0800[0m - dagster - [34mDEBUG[0m - __ASSET_JOB - 35cd1f96-c0a6-4eb0-943c-d66098b55065 - 166387 - pipeline_dbt_seed - STEP_SUCCESS - Finished execution of step "pipeline_dbt_seed" in 25.82s.
