[32m2025-09-10 00:35:44 +0800[0m - dagster - [34mDEBUG[0m - __ASSET_JOB - 09db4f27-79ec-4882-93fc-fb7e4a9d7309 - 213825 - LOGS_CAPTURED - Started capturing logs in process (pid: 213825).
[32m2025-09-10 00:35:44 +0800[0m - dagster - [34mDEBUG[0m - __ASSET_JOB - 09db4f27-79ec-4882-93fc-fb7e4a9d7309 - 213825 - pipeline_dbt_run - STEP_START - Started execution of step "pipeline_dbt_run".
[32m2025-09-10 00:35:44 +0800[0m - dagster - [34mINFO[0m - __ASSET_JOB - 09db4f27-79ec-4882-93fc-fb7e4a9d7309 - pipeline_dbt_run - Running dbt command: dbt run --project-dir /home/alvin/5m-data-m2-project/dagster-orchestration/dagster_orchestration/assets/../../../dbt_olist --profiles-dir /home/alvin/5m-data-m2-project/dagster-orchestration/dagster_orchestration/assets/../../../dbt_olist
[32m2025-09-10 00:39:11 +0800[0m - dagster - [34mERROR[0m - [31m__ASSET_JOB - 09db4f27-79ec-4882-93fc-fb7e4a9d7309 - pipeline_dbt_run - [0m16:35:45  Running with dbt=1.9.6
[0m16:35:47  Registered adapter: bigquery=1.9.2
[0m16:35:47  Found 46 models, 1 seed, 2 operations, 63 data tests, 9 sources, 1678 macros
[0m16:35:47  
[0m16:35:47  Concurrency: 1 threads (target='dev')
[0m16:35:47  
[0m16:35:51  Elementary: Runtime data: {"config": {}, "dbt_version": "1.9.6", "elementary_version": "0.19.4", "database": "celtic-iridium-468311-d6", "schema": "m2_prod_elementary"}
[0m16:35:51  1 of 1 START hook: elementary.on-run-start.0 ................................... [RUN]
[0m16:35:51  1 of 1 OK hook: elementary.on-run-start.0 ...................................... [[32mOK[0m in 0.04s]
[0m16:35:51  
[0m16:35:51  1 of 46 START sql view model m2_prod.stg_customers ............................. [RUN]
[0m16:35:52  1 of 46 OK created sql view model m2_prod.stg_customers ........................ [[32mCREATE VIEW (0 processed)[0m in 1.46s]
[0m16:35:52  2 of 46 START sql view model m2_prod.stg_geolocation ........................... [RUN]
[0m16:35:54  2 of 46 OK created sql view model m2_prod.stg_geolocation ...................... [[32mCREATE VIEW (0 processed)[0m in 1.85s]
[0m16:35:54  3 of 46 START sql view model m2_prod.stg_order_items ........................... [RUN]
[0m16:35:56  3 of 46 OK created sql view model m2_prod.stg_order_items ...................... [[32mCREATE VIEW (0 processed)[0m in 1.45s]
[0m16:35:56  4 of 46 START sql view model m2_prod.stg_order_payments ........................ [RUN]
[0m16:35:57  4 of 46 OK created sql view model m2_prod.stg_order_payments ................... [[32mCREATE VIEW (0 processed)[0m in 1.70s]
[0m16:35:57  5 of 46 START sql view model m2_prod.stg_order_reviews ......................... [RUN]
[0m16:35:59  5 of 46 OK created sql view model m2_prod.stg_order_reviews .................... [[32mCREATE VIEW (0 processed)[0m in 1.44s]
[0m16:35:59  6 of 46 START sql view model m2_prod.stg_orders ................................ [RUN]
[0m16:36:00  6 of 46 OK created sql view model m2_prod.stg_orders ........................... [[32mCREATE VIEW (0 processed)[0m in 1.43s]
[0m16:36:00  7 of 46 START sql view model m2_prod.stg_product_category_name_translation ..... [RUN]
[0m16:36:02  7 of 46 OK created sql view model m2_prod.stg_product_category_name_translation  [[32mCREATE VIEW (0 processed)[0m in 1.43s]
[0m16:36:02  8 of 46 START sql view model m2_prod.stg_products .............................. [RUN]
[0m16:36:03  8 of 46 OK created sql view model m2_prod.stg_products ......................... [[32mCREATE VIEW (0 processed)[0m in 1.46s]
[0m16:36:03  9 of 46 START sql view model m2_prod.stg_sellers ............................... [RUN]
[0m16:36:05  9 of 46 OK created sql view model m2_prod.stg_sellers .......................... [[32mCREATE VIEW (0 processed)[0m in 1.65s]
[0m16:36:05  10 of 46 START sql incremental model m2_prod_elementary.data_monitoring_metrics  [RUN]
[0m16:36:08  10 of 46 OK created sql incremental model m2_prod_elementary.data_monitoring_metrics  [[32mCREATE TABLE (0.0 rows, 0 processed)[0m in 3.20s]
[0m16:36:08  11 of 46 START sql incremental model m2_prod_elementary.dbt_columns ............ [RUN]
[0m16:36:24  11 of 46 OK created sql incremental model m2_prod_elementary.dbt_columns ....... [[32mCREATE TABLE (0.0 rows, 0 processed)[0m in 16.11s]
[0m16:36:24  12 of 46 START sql incremental model m2_prod_elementary.dbt_exposures .......... [RUN]
[0m16:36:30  12 of 46 OK created sql incremental model m2_prod_elementary.dbt_exposures ..... [[32mCREATE TABLE (0.0 rows, 0 processed)[0m in 5.61s]
[0m16:36:30  13 of 46 START sql incremental model m2_prod_elementary.dbt_groups ............. [RUN]
[0m16:36:35  13 of 46 OK created sql incremental model m2_prod_elementary.dbt_groups ........ [[32mCREATE TABLE (0.0 rows, 0 processed)[0m in 4.86s]
[0m16:36:35  14 of 46 START sql incremental model m2_prod_elementary.dbt_invocations ........ [RUN]
[0m16:36:38  14 of 46 OK created sql incremental model m2_prod_elementary.dbt_invocations ... [[32mCREATE TABLE (0.0 rows, 0 processed)[0m in 3.35s]
[0m16:36:38  15 of 46 START sql incremental model m2_prod_elementary.dbt_metrics ............ [RUN]
[0m16:36:43  15 of 46 OK created sql incremental model m2_prod_elementary.dbt_metrics ....... [[32mCREATE TABLE (0.0 rows, 0 processed)[0m in 5.01s]
[0m16:36:43  16 of 46 START sql incremental model m2_prod_elementary.dbt_models ............. [RUN]
[0m16:36:58  16 of 46 OK created sql incremental model m2_prod_elementary.dbt_models ........ [[32mCREATE TABLE (0.0 rows, 0 processed)[0m in 15.36s]
[0m16:36:58  17 of 46 START sql incremental model m2_prod_elementary.dbt_run_results ........ [RUN]
[0m16:37:02  17 of 46 OK created sql incremental model m2_prod_elementary.dbt_run_results ... [[32mCREATE TABLE (0.0 rows, 0 processed)[0m in 3.11s]
[0m16:37:02  18 of 46 START sql incremental model m2_prod_elementary.dbt_seeds .............. [RUN]
[0m16:37:17  18 of 46 OK created sql incremental model m2_prod_elementary.dbt_seeds ......... [[32mCREATE TABLE (0.0 rows, 0 processed)[0m in 15.39s]
[0m16:37:17  19 of 46 START sql incremental model m2_prod_elementary.dbt_snapshots .......... [RUN]
[0m16:37:22  19 of 46 OK created sql incremental model m2_prod_elementary.dbt_snapshots ..... [[32mCREATE TABLE (0.0 rows, 0 processed)[0m in 4.61s]
[0m16:37:22  20 of 46 START sql incremental model m2_prod_elementary.dbt_source_freshness_results  [RUN]
[0m16:37:25  20 of 46 OK created sql incremental model m2_prod_elementary.dbt_source_freshness_results  [[32mCREATE TABLE (0.0 rows, 0 processed)[0m in 3.30s]
[0m16:37:25  21 of 46 START sql incremental model m2_prod_elementary.dbt_sources ............ [RUN]
[0m16:37:40  21 of 46 OK created sql incremental model m2_prod_elementary.dbt_sources ....... [[32mCREATE TABLE (0.0 rows, 0 processed)[0m in 14.72s]
[0m16:37:40  22 of 46 START sql incremental model m2_prod_elementary.dbt_tests .............. [RUN]
[0m16:37:56  22 of 46 OK created sql incremental model m2_prod_elementary.dbt_tests ......... [[32mCREATE TABLE (0.0 rows, 0 processed)[0m in 16.35s]
[0m16:37:56  23 of 46 START sql incremental model m2_prod_elementary.elementary_test_results  [RUN]
[0m16:38:01  23 of 46 OK created sql incremental model m2_prod_elementary.elementary_test_results  [[32mCREATE TABLE (0.0 rows, 0 processed)[0m in 2.99s]
[0m16:38:01  24 of 46 START sql table model m2_prod_elementary.metadata ..................... [RUN]
[0m16:38:04  24 of 46 OK created sql table model m2_prod_elementary.metadata ................ [[32mCREATE TABLE (1.0 rows, 0 processed)[0m in 3.17s]
[0m16:38:04  25 of 46 START sql incremental model m2_prod_elementary.schema_columns_snapshot  [RUN]
[0m16:38:06  25 of 46 OK created sql incremental model m2_prod_elementary.schema_columns_snapshot  [[32mCREATE TABLE (0.0 rows, 0 processed)[0m in 2.75s]
[0m16:38:06  26 of 46 START sql table model m2_prod.dim_geolocation ......................... [RUN]
[0m16:38:11  26 of 46 OK created sql table model m2_prod.dim_geolocation .................... [[32mCREATE TABLE (19.0k rows, 613.0 MiB processed)[0m in 4.55s]
[0m16:38:11  27 of 46 START sql table model m2_prod.dim_payments ............................ [RUN]
[0m16:38:15  27 of 46 OK created sql table model m2_prod.dim_payments ....................... [[32mCREATE TABLE (6.0 rows, 11.7 MiB processed)[0m in 4.26s]
[0m16:38:15  28 of 46 START sql table model m2_prod.dim_dates ............................... [RUN]
[0m16:38:21  28 of 46 OK created sql table model m2_prod.dim_dates .......................... [[32mCREATE TABLE (616.0 rows, 88.7 MiB processed)[0m in 5.71s]
[0m16:38:21  29 of 46 START sql incremental model m2_prod.fact_order_items .................. [RUN]
[0m16:38:23  BigQuery adapter: https://console.cloud.google.com/bigquery?project=celtic-iridium-468311-d6&j=bq:US:29ebc81e-ef43-4d2a-a91f-67687ab3f8ad&page=queryresults
[0m16:38:23  29 of 46 ERROR creating sql incremental model m2_prod.fact_order_items ......... [[31mERROR[0m in 1.83s]
[0m16:38:23  30 of 46 START sql table model m2_prod.dim_products ............................ [RUN]
[0m16:38:29  30 of 46 OK created sql table model m2_prod.dim_products ....................... [[32mCREATE TABLE (3.2m rows, 21.3 MiB processed)[0m in 5.89s]
[0m16:38:29  31 of 46 START sql view model m2_prod_elementary.metrics_anomaly_score ......... [RUN]
[0m16:38:30  31 of 46 OK created sql view model m2_prod_elementary.metrics_anomaly_score .... [[32mCREATE VIEW (0 processed)[0m in 1.36s]
[0m16:38:30  32 of 46 START sql view model m2_prod_elementary.monitors_runs ................. [RUN]
[0m16:38:31  32 of 46 OK created sql view model m2_prod_elementary.monitors_runs ............ [[32mCREATE VIEW (0 processed)[0m in 1.35s]
[0m16:38:31  33 of 46 START sql view model m2_prod_elementary.job_run_results ............... [RUN]
[0m16:38:33  33 of 46 OK created sql view model m2_prod_elementary.job_run_results .......... [[32mCREATE VIEW (0 processed)[0m in 1.30s]
[0m16:38:33  34 of 46 START sql view model m2_prod_elementary.model_run_results ............. [RUN]
[0m16:38:34  34 of 46 OK created sql view model m2_prod_elementary.model_run_results ........ [[32mCREATE VIEW (0 processed)[0m in 1.29s]
[0m16:38:34  35 of 46 START sql view model m2_prod_elementary.seed_run_results .............. [RUN]
[0m16:38:35  35 of 46 OK created sql view model m2_prod_elementary.seed_run_results ......... [[32mCREATE VIEW (0 processed)[0m in 1.32s]
[0m16:38:35  36 of 46 START sql view model m2_prod_elementary.snapshot_run_results .......... [RUN]
[0m16:38:37  36 of 46 OK created sql view model m2_prod_elementary.snapshot_run_results ..... [[32mCREATE VIEW (0 processed)[0m in 1.41s]
[0m16:38:37  37 of 46 START sql view model m2_prod_elementary.alerts_dbt_source_freshness ... [RUN]
[0m16:38:38  37 of 46 OK created sql view model m2_prod_elementary.alerts_dbt_source_freshness  [[32mCREATE VIEW (0 processed)[0m in 1.38s]
[0m16:38:38  38 of 46 START sql view model m2_prod_elementary.dbt_artifacts_hashes .......... [RUN]
[0m16:38:40  38 of 46 OK created sql view model m2_prod_elementary.dbt_artifacts_hashes ..... [[32mCREATE VIEW (0 processed)[0m in 1.39s]
[0m16:38:40  39 of 46 START sql view model m2_prod_elementary.alerts_anomaly_detection ...... [RUN]
[0m16:38:41  39 of 46 OK created sql view model m2_prod_elementary.alerts_anomaly_detection . [[32mCREATE VIEW (0 processed)[0m in 1.39s]
[0m16:38:41  40 of 46 START sql view model m2_prod_elementary.alerts_dbt_tests .............. [RUN]
[0m16:38:42  40 of 46 OK created sql view model m2_prod_elementary.alerts_dbt_tests ......... [[32mCREATE VIEW (0 processed)[0m in 1.45s]
[0m16:38:42  41 of 46 START sql view model m2_prod_elementary.alerts_schema_changes ......... [RUN]
[0m16:38:44  41 of 46 OK created sql view model m2_prod_elementary.alerts_schema_changes .... [[32mCREATE VIEW (0 processed)[0m in 1.71s]
[0m16:38:44  42 of 46 START sql incremental model m2_prod_elementary.test_result_rows ....... [RUN]
[0m16:38:48  42 of 46 OK created sql incremental model m2_prod_elementary.test_result_rows .. [[32mCREATE TABLE (0.0 rows, 0 processed)[0m in 3.48s]
[0m16:38:48  43 of 46 START sql table model m2_prod.dim_customers ........................... [RUN]
[0m16:38:53  43 of 46 OK created sql table model m2_prod.dim_customers ...................... [[32mCREATE TABLE (99.4k rows, 87.0 MiB processed)[0m in 4.95s]
[0m16:38:53  44 of 46 START sql table model m2_prod.dim_sellers ............................. [RUN]
[0m16:38:57  44 of 46 OK created sql table model m2_prod.dim_sellers ........................ [[32mCREATE TABLE (3.1k rows, 2.1 MiB processed)[0m in 4.34s]
[0m16:38:57  45 of 46 START sql view model m2_prod_elementary.anomaly_threshold_sensitivity . [RUN]
[0m16:38:59  45 of 46 OK created sql view model m2_prod_elementary.anomaly_threshold_sensitivity  [[32mCREATE VIEW (0 processed)[0m in 1.64s]
[0m16:38:59  46 of 46 START sql view model m2_prod_elementary.alerts_dbt_models ............. [RUN]
[0m16:39:00  46 of 46 OK created sql view model m2_prod_elementary.alerts_dbt_models ........ [[32mCREATE VIEW (0 processed)[0m in 1.73s]
[0m16:39:00  
[0m16:39:09  1 of 1 START hook: elementary.on-run-end.0 ..................................... [RUN]
[0m16:39:09  1 of 1 OK hook: elementary.on-run-end.0 ........................................ [[32mOK[0m in 8.58s]
[0m16:39:09  
[0m16:39:09  Finished running 17 incremental models, 2 project hooks, 7 table models, 22 view models in 0 hours 3 minutes and 21.75 seconds (201.75s).
[0m16:39:09  
[0m16:39:09  [31mCompleted with 1 error, 0 partial successes, and 0 warnings:[0m
[0m16:39:09  
[0m16:39:09    Database Error in model fact_order_items (models/marts/fact_order_items.sql)
  Unrecognized name: loaded_at at [80:29]
  compiled code at target/run/dbt_olist/models/marts/fact_order_items.sql
[0m16:39:09  
[0m16:39:09  Done. PASS=47 WARN=0 ERROR=1 SKIP=0 TOTAL=48
[0m
[32m2025-09-10 00:39:11 +0800[0m - dagster - [34mERROR[0m - [31m__ASSET_JOB - 09db4f27-79ec-4882-93fc-fb7e4a9d7309 - 213825 - pipeline_dbt_run - STEP_FAILURE - Execution of step "pipeline_dbt_run" failed.

dagster._core.errors.DagsterExecutionStepExecutionError: Error occurred while executing op "pipeline_dbt_run"::

Exception: [0m16:35:45  Running with dbt=1.9.6
[0m16:35:47  Registered adapter: bigquery=1.9.2
[0m16:35:47  Found 46 models, 1 seed, 2 operations, 63 data tests, 9 sources, 1678 macros
[0m16:35:47  
[0m16:35:47  Concurrency: 1 threads (target='dev')
[0m16:35:47  
[0m16:35:51  Elementary: Runtime data: {"config": {}, "dbt_version": "1.9.6", "elementary_version": "0.19.4", "database": "celtic-iridium-468311-d6", "schema": "m2_prod_elementary"}
[0m16:35:51  1 of 1 START hook: elementary.on-run-start.0 ................................... [RUN]
[0m16:35:51  1 of 1 OK hook: elementary.on-run-start.0 ...................................... [[32mOK[0m in 0.04s]
[0m16:35:51  
[0m16:35:51  1 of 46 START sql view model m2_prod.stg_customers ............................. [RUN]
[0m16:35:52  1 of 46 OK created sql view model m2_prod.stg_customers ........................ [[32mCREATE VIEW (0 processed)[0m in 1.46s]
[0m16:35:52  2 of 46 START sql view model m2_prod.stg_geolocation ........................... [RUN]
[0m16:35:54  2 of 46 OK created sql view model m2_prod.stg_geolocation ...................... [[32mCREATE VIEW (0 processed)[0m in 1.85s]
[0m16:35:54  3 of 46 START sql view model m2_prod.stg_order_items ........................... [RUN]
[0m16:35:56  3 of 46 OK created sql view model m2_prod.stg_order_items ...................... [[32mCREATE VIEW (0 processed)[0m in 1.45s]
[0m16:35:56  4 of 46 START sql view model m2_prod.stg_order_payments ........................ [RUN]
[0m16:35:57  4 of 46 OK created sql view model m2_prod.stg_order_payments ................... [[32mCREATE VIEW (0 processed)[0m in 1.70s]
[0m16:35:57  5 of 46 START sql view model m2_prod.stg_order_reviews ......................... [RUN]
[0m16:35:59  5 of 46 OK created sql view model m2_prod.stg_order_reviews .................... [[32mCREATE VIEW (0 processed)[0m in 1.44s]
[0m16:35:59  6 of 46 START sql view model m2_prod.stg_orders ................................ [RUN]
[0m16:36:00  6 of 46 OK created sql view model m2_prod.stg_orders ........................... [[32mCREATE VIEW (0 processed)[0m in 1.43s]
[0m16:36:00  7 of 46 START sql view model m2_prod.stg_product_category_name_translation ..... [RUN]
[0m16:36:02  7 of 46 OK created sql view model m2_prod.stg_product_category_name_translation  [[32mCREATE VIEW (0 processed)[0m in 1.43s]
[0m16:36:02  8 of 46 START sql view model m2_prod.stg_products .............................. [RUN]
[0m16:36:03  8 of 46 OK created sql view model m2_prod.stg_products ......................... [[32mCREATE VIEW (0 processed)[0m in 1.46s]
[0m16:36:03  9 of 46 START sql view model m2_prod.stg_sellers ............................... [RUN]
[0m16:36:05  9 of 46 OK created sql view model m2_prod.stg_sellers .......................... [[32mCREATE VIEW (0 processed)[0m in 1.65s]
[0m16:36:05  10 of 46 START sql incremental model m2_prod_elementary.data_monitoring_metrics  [RUN]
[0m16:36:08  10 of 46 OK created sql incremental model m2_prod_elementary.data_monitoring_metrics  [[32mCREATE TABLE (0.0 rows, 0 processed)[0m in 3.20s]
[0m16:36:08  11 of 46 START sql incremental model m2_prod_elementary.dbt_columns ............ [RUN]
[0m16:36:24  11 of 46 OK created sql incremental model m2_prod_elementary.dbt_columns ....... [[32mCREATE TABLE (0.0 rows, 0 processed)[0m in 16.11s]
[0m16:36:24  12 of 46 START sql incremental model m2_prod_elementary.dbt_exposures .......... [RUN]
[0m16:36:30  12 of 46 OK created sql incremental model m2_prod_elementary.dbt_exposures ..... [[32mCREATE TABLE (0.0 rows, 0 processed)[0m in 5.61s]
[0m16:36:30  13 of 46 START sql incremental model m2_prod_elementary.dbt_groups ............. [RUN]
[0m16:36:35  13 of 46 OK created sql incremental model m2_prod_elementary.dbt_groups ........ [[32mCREATE TABLE (0.0 rows, 0 processed)[0m in 4.86s]
[0m16:36:35  14 of 46 START sql incremental model m2_prod_elementary.dbt_invocations ........ [RUN]
[0m16:36:38  14 of 46 OK created sql incremental model m2_prod_elementary.dbt_invocations ... [[32mCREATE TABLE (0.0 rows, 0 processed)[0m in 3.35s]
[0m16:36:38  15 of 46 START sql incremental model m2_prod_elementary.dbt_metrics ............ [RUN]
[0m16:36:43  15 of 46 OK created sql incremental model m2_prod_elementary.dbt_metrics ....... [[32mCREATE TABLE (0.0 rows, 0 processed)[0m in 5.01s]
[0m16:36:43  16 of 46 START sql incremental model m2_prod_elementary.dbt_models ............. [RUN]
[0m16:36:58  16 of 46 OK created sql incremental model m2_prod_elementary.dbt_models ........ [[32mCREATE TABLE (0.0 rows, 0 processed)[0m in 15.36s]
[0m16:36:58  17 of 46 START sql incremental model m2_prod_elementary.dbt_run_results ........ [RUN]
[0m16:37:02  17 of 46 OK created sql incremental model m2_prod_elementary.dbt_run_results ... [[32mCREATE TABLE (0.0 rows, 0 processed)[0m in 3.11s]
[0m16:37:02  18 of 46 START sql incremental model m2_prod_elementary.dbt_seeds .............. [RUN]
[0m16:37:17  18 of 46 OK created sql incremental model m2_prod_elementary.dbt_seeds ......... [[32mCREATE TABLE (0.0 rows, 0 processed)[0m in 15.39s]
[0m16:37:17  19 of 46 START sql incremental model m2_prod_elementary.dbt_snapshots .......... [RUN]
[0m16:37:22  19 of 46 OK created sql incremental model m2_prod_elementary.dbt_snapshots ..... [[32mCREATE TABLE (0.0 rows, 0 processed)[0m in 4.61s]
[0m16:37:22  20 of 46 START sql incremental model m2_prod_elementary.dbt_source_freshness_results  [RUN]
[0m16:37:25  20 of 46 OK created sql incremental model m2_prod_elementary.dbt_source_freshness_results  [[32mCREATE TABLE (0.0 rows, 0 processed)[0m in 3.30s]
[0m16:37:25  21 of 46 START sql incremental model m2_prod_elementary.dbt_sources ............ [RUN]
[0m16:37:40  21 of 46 OK created sql incremental model m2_prod_elementary.dbt_sources ....... [[32mCREATE TABLE (0.0 rows, 0 processed)[0m in 14.72s]
[0m16:37:40  22 of 46 START sql incremental model m2_prod_elementary.dbt_tests .............. [RUN]
[0m16:37:56  22 of 46 OK created sql incremental model m2_prod_elementary.dbt_tests ......... [[32mCREATE TABLE (0.0 rows, 0 processed)[0m in 16.35s]
[0m16:37:56  23 of 46 START sql incremental model m2_prod_elementary.elementary_test_results  [RUN]
[0m16:38:01  23 of 46 OK created sql incremental model m2_prod_elementary.elementary_test_results  [[32mCREATE TABLE (0.0 rows, 0 processed)[0m in 2.99s]
[0m16:38:01  24 of 46 START sql table model m2_prod_elementary.metadata ..................... [RUN]
[0m16:38:04  24 of 46 OK created sql table model m2_prod_elementary.metadata ................ [[32mCREATE TABLE (1.0 rows, 0 processed)[0m in 3.17s]
[0m16:38:04  25 of 46 START sql incremental model m2_prod_elementary.schema_columns_snapshot  [RUN]
[0m16:38:06  25 of 46 OK created sql incremental model m2_prod_elementary.schema_columns_snapshot  [[32mCREATE TABLE (0.0 rows, 0 processed)[0m in 2.75s]
[0m16:38:06  26 of 46 START sql table model m2_prod.dim_geolocation ......................... [RUN]
[0m16:38:11  26 of 46 OK created sql table model m2_prod.dim_geolocation .................... [[32mCREATE TABLE (19.0k rows, 613.0 MiB processed)[0m in 4.55s]
[0m16:38:11  27 of 46 START sql table model m2_prod.dim_payments ............................ [RUN]
[0m16:38:15  27 of 46 OK created sql table model m2_prod.dim_payments ....................... [[32mCREATE TABLE (6.0 rows, 11.7 MiB processed)[0m in 4.26s]
[0m16:38:15  28 of 46 START sql table model m2_prod.dim_dates ............................... [RUN]
[0m16:38:21  28 of 46 OK created sql table model m2_prod.dim_dates .......................... [[32mCREATE TABLE (616.0 rows, 88.7 MiB processed)[0m in 5.71s]
[0m16:38:21  29 of 46 START sql incremental model m2_prod.fact_order_items .................. [RUN]
[0m16:38:23  BigQuery adapter: https://console.cloud.google.com/bigquery?project=celtic-iridium-468311-d6&j=bq:US:29ebc81e-ef43-4d2a-a91f-67687ab3f8ad&page=queryresults
[0m16:38:23  29 of 46 ERROR creating sql incremental model m2_prod.fact_order_items ......... [[31mERROR[0m in 1.83s]
[0m16:38:23  30 of 46 START sql table model m2_prod.dim_products ............................ [RUN]
[0m16:38:29  30 of 46 OK created sql table model m2_prod.dim_products ....................... [[32mCREATE TABLE (3.2m rows, 21.3 MiB processed)[0m in 5.89s]
[0m16:38:29  31 of 46 START sql view model m2_prod_elementary.metrics_anomaly_score ......... [RUN]
[0m16:38:30  31 of 46 OK created sql view model m2_prod_elementary.metrics_anomaly_score .... [[32mCREATE VIEW (0 processed)[0m in 1.36s]
[0m16:38:30  32 of 46 START sql view model m2_prod_elementary.monitors_runs ................. [RUN]
[0m16:38:31  32 of 46 OK created sql view model m2_prod_elementary.monitors_runs ............ [[32mCREATE VIEW (0 processed)[0m in 1.35s]
[0m16:38:31  33 of 46 START sql view model m2_prod_elementary.job_run_results ............... [RUN]
[0m16:38:33  33 of 46 OK created sql view model m2_prod_elementary.job_run_results .......... [[32mCREATE VIEW (0 processed)[0m in 1.30s]
[0m16:38:33  34 of 46 START sql view model m2_prod_elementary.model_run_results ............. [RUN]
[0m16:38:34  34 of 46 OK created sql view model m2_prod_elementary.model_run_results ........ [[32mCREATE VIEW (0 processed)[0m in 1.29s]
[0m16:38:34  35 of 46 START sql view model m2_prod_elementary.seed_run_results .............. [RUN]
[0m16:38:35  35 of 46 OK created sql view model m2_prod_elementary.seed_run_results ......... [[32mCREATE VIEW (0 processed)[0m in 1.32s]
[0m16:38:35  36 of 46 START sql view model m2_prod_elementary.snapshot_run_results .......... [RUN]
[0m16:38:37  36 of 46 OK created sql view model m2_prod_elementary.snapshot_run_results ..... [[32mCREATE VIEW (0 processed)[0m in 1.41s]
[0m16:38:37  37 of 46 START sql view model m2_prod_elementary.alerts_dbt_source_freshness ... [RUN]
[0m16:38:38  37 of 46 OK created sql view model m2_prod_elementary.alerts_dbt_source_freshness  [[32mCREATE VIEW (0 processed)[0m in 1.38s]
[0m16:38:38  38 of 46 START sql view model m2_prod_elementary.dbt_artifacts_hashes .......... [RUN]
[0m16:38:40  38 of 46 OK created sql view model m2_prod_elementary.dbt_artifacts_hashes ..... [[32mCREATE VIEW (0 processed)[0m in 1.39s]
[0m16:38:40  39 of 46 START sql view model m2_prod_elementary.alerts_anomaly_detection ...... [RUN]
[0m16:38:41  39 of 46 OK created sql view model m2_prod_elementary.alerts_anomaly_detection . [[32mCREATE VIEW (0 processed)[0m in 1.39s]
[0m16:38:41  40 of 46 START sql view model m2_prod_elementary.alerts_dbt_tests .............. [RUN]
[0m16:38:42  40 of 46 OK created sql view model m2_prod_elementary.alerts_dbt_tests ......... [[32mCREATE VIEW (0 processed)[0m in 1.45s]
[0m16:38:42  41 of 46 START sql view model m2_prod_elementary.alerts_schema_changes ......... [RUN]
[0m16:38:44  41 of 46 OK created sql view model m2_prod_elementary.alerts_schema_changes .... [[32mCREATE VIEW (0 processed)[0m in 1.71s]
[0m16:38:44  42 of 46 START sql incremental model m2_prod_elementary.test_result_rows ....... [RUN]
[0m16:38:48  42 of 46 OK created sql incremental model m2_prod_elementary.test_result_rows .. [[32mCREATE TABLE (0.0 rows, 0 processed)[0m in 3.48s]
[0m16:38:48  43 of 46 START sql table model m2_prod.dim_customers ........................... [RUN]
[0m16:38:53  43 of 46 OK created sql table model m2_prod.dim_customers ...................... [[32mCREATE TABLE (99.4k rows, 87.0 MiB processed)[0m in 4.95s]
[0m16:38:53  44 of 46 START sql table model m2_prod.dim_sellers ............................. [RUN]
[0m16:38:57  44 of 46 OK created sql table model m2_prod.dim_sellers ........................ [[32mCREATE TABLE (3.1k rows, 2.1 MiB processed)[0m in 4.34s]
[0m16:38:57  45 of 46 START sql view model m2_prod_elementary.anomaly_threshold_sensitivity . [RUN]
[0m16:38:59  45 of 46 OK created sql view model m2_prod_elementary.anomaly_threshold_sensitivity  [[32mCREATE VIEW (0 processed)[0m in 1.64s]
[0m16:38:59  46 of 46 START sql view model m2_prod_elementary.alerts_dbt_models ............. [RUN]
[0m16:39:00  46 of 46 OK created sql view model m2_prod_elementary.alerts_dbt_models ........ [[32mCREATE VIEW (0 processed)[0m in 1.73s]
[0m16:39:00  
[0m16:39:09  1 of 1 START hook: elementary.on-run-end.0 ..................................... [RUN]
[0m16:39:09  1 of 1 OK hook: elementary.on-run-end.0 ........................................ [[32mOK[0m in 8.58s]
[0m16:39:09  
[0m16:39:09  Finished running 17 incremental models, 2 project hooks, 7 table models, 22 view models in 0 hours 3 minutes and 21.75 seconds (201.75s).
[0m16:39:09  
[0m16:39:09  [31mCompleted with 1 error, 0 partial successes, and 0 warnings:[0m
[0m16:39:09  
[0m16:39:09    Database Error in model fact_order_items (models/marts/fact_order_items.sql)
  Unrecognized name: loaded_at at [80:29]
  compiled code at target/run/dbt_olist/models/marts/fact_order_items.sql
[0m16:39:09  
[0m16:39:09  Done. PASS=47 WARN=0 ERROR=1 SKIP=0 TOTAL=48


Stack Trace:
  File "/home/alvin/miniconda3/envs/dagster/lib/python3.11/site-packages/dagster/_core/execution/plan/utils.py", line 56, in op_execution_error_boundary
    yield
  File "/home/alvin/miniconda3/envs/dagster/lib/python3.11/site-packages/dagster/_utils/__init__.py", line 480, in iterate_with_context
    next_output = next(iterator)
                  ^^^^^^^^^^^^^^
  File "/home/alvin/miniconda3/envs/dagster/lib/python3.11/site-packages/dagster/_core/execution/plan/compute_generator.py", line 127, in _coerce_op_compute_fn_to_iterator
    result = invoke_compute_fn(
             ^^^^^^^^^^^^^^^^^^
  File "/home/alvin/miniconda3/envs/dagster/lib/python3.11/site-packages/dagster/_core/execution/plan/compute_generator.py", line 115, in invoke_compute_fn
    return fn(context, **args_to_pass) if context_arg_provided else fn(**args_to_pass)
                                                                    ^^^^^^^^^^^^^^^^^^
  File "/home/alvin/5m-data-m2-project/dagster-orchestration/dagster_orchestration/assets/dbtpipeline.py", line 36, in pipeline_dbt_run
    run_dbt_command(["dbt", "run", "--project-dir", DBT_PROJECT_DIR])
  File "/home/alvin/5m-data-m2-project/dagster-orchestration/dagster_orchestration/assets/dbtpipeline.py", line 21, in run_dbt_command
    raise Exception(e.output.decode())

The above exception occurred during handling of the following exception:
subprocess.CalledProcessError: Command '['dbt', 'run', '--project-dir', '/home/alvin/5m-data-m2-project/dagster-orchestration/dagster_orchestration/assets/../../../dbt_olist', '--profiles-dir', '/home/alvin/5m-data-m2-project/dagster-orchestration/dagster_orchestration/assets/../../../dbt_olist']' returned non-zero exit status 1.

Stack Trace:
  File "/home/alvin/5m-data-m2-project/dagster-orchestration/dagster_orchestration/assets/dbtpipeline.py", line 16, in run_dbt_command
    output = subprocess.check_output(full_cmd, stderr=subprocess.STDOUT).decode()
             ^^^^^^^^^^^^^^^^^^^^^^^^^^^^^^^^^^^^^^^^^^^^^^^^^^^^^^^^^^^
  File "/home/alvin/miniconda3/envs/dagster/lib/python3.11/subprocess.py", line 466, in check_output
    return run(*popenargs, stdout=PIPE, timeout=timeout, check=True,
           ^^^^^^^^^^^^^^^^^^^^^^^^^^^^^^^^^^^^^^^^^^^^^^^^^^^^^^^^^
  File "/home/alvin/miniconda3/envs/dagster/lib/python3.11/subprocess.py", line 571, in run
    raise CalledProcessError(retcode, process.args,
[0m
