[32m2025-09-10 22:57:44 +0800[0m - dagster - [34mDEBUG[0m - __ASSET_JOB - 32c452f2-9200-4f74-9000-2b8fe901ee21 - 185170 - LOGS_CAPTURED - Started capturing logs in process (pid: 185170).
[32m2025-09-10 22:57:44 +0800[0m - dagster - [34mDEBUG[0m - __ASSET_JOB - 32c452f2-9200-4f74-9000-2b8fe901ee21 - 185170 - pipeline_dbt_test - STEP_START - Started execution of step "pipeline_dbt_test".
[32m2025-09-10 22:57:44 +0800[0m - dagster - [34mINFO[0m - __ASSET_JOB - 32c452f2-9200-4f74-9000-2b8fe901ee21 - pipeline_dbt_test - Running dbt command: dbt test --project-dir /home/ser/DSAI/5m-data-m2-project-2/5m-data-m2-project/dagster-orchestration/dagster_orchestration/assets/../../../dbt_olist --profiles-dir /home/ser/DSAI/5m-data-m2-project-2/5m-data-m2-project/dagster-orchestration/dagster_orchestration/assets/../../../dbt_olist
[32m2025-09-10 22:58:46 +0800[0m - dagster - [34mINFO[0m - __ASSET_JOB - 32c452f2-9200-4f74-9000-2b8fe901ee21 - pipeline_dbt_test - [0m14:57:46  Running with dbt=1.9.6
[0m14:57:48  Registered adapter: bigquery=1.9.2
[0m14:57:49  Found 46 models, 1 seed, 2 operations, 63 data tests, 9 sources, 1678 macros
[0m14:57:49  
[0m14:57:49  Concurrency: 4 threads (target='dev')
[0m14:57:49  
[0m14:57:50  Elementary: Runtime data: {"config": {}, "dbt_version": "1.9.6", "elementary_version": "0.19.4", "database": "calm-analogy-468216-e0", "schema": "m2_prod_elementary"}
[0m14:57:51  1 of 1 START hook: elementary.on-run-start.0 ................................... [RUN]
[0m14:57:51  1 of 1 OK hook: elementary.on-run-start.0 ...................................... [[32mOK[0m in 0.87s]
[0m14:57:51  
[0m14:57:51  1 of 63 START test dbt_expectations_expect_column_values_to_be_between_dim_geolocation_latitude__90___90  [RUN]
[0m14:57:51  2 of 63 START test dbt_expectations_expect_column_values_to_be_between_dim_geolocation_longitude__180___180  [RUN]
[0m14:57:51  3 of 63 START test dbt_expectations_expect_column_values_to_be_between_fact_order_items_delivery_time_days__365__0  [RUN]
[0m14:57:51  4 of 63 START test dbt_expectations_expect_column_values_to_be_between_fact_order_items_freight_value__0  [RUN]
[0m14:57:51  [[33mWARNING[0m]: Installed package 'elementary' is overriding the built-in
materialization 'test'. Overrides of built-in materializations from installed
packages will be deprecated in future versions of dbt. For more information:
https://docs.getdbt.com/reference/global-configs/legacy-behaviors
[0m14:57:51  [[33mWARNING[0m]: Installed package 'elementary' is overriding the built-in
materialization 'test'. Overrides of built-in materializations from installed
packages will be deprecated in future versions of dbt. For more information:
https://docs.getdbt.com/reference/global-configs/legacy-behaviors
[0m14:57:51  [[33mWARNING[0m]: Installed package 'elementary' is overriding the built-in
materialization 'test'. Overrides of built-in materializations from installed
packages will be deprecated in future versions of dbt. For more information:
https://docs.getdbt.com/reference/global-configs/legacy-behaviors
[0m14:57:51  [[33mWARNING[0m]: Installed package 'elementary' is overriding the built-in
materialization 'test'. Overrides of built-in materializations from installed
packages will be deprecated in future versions of dbt. For more information:
https://docs.getdbt.com/reference/global-configs/legacy-behaviors
[0m14:57:53  1 of 63 PASS dbt_expectations_expect_column_values_to_be_between_dim_geolocation_latitude__90___90  [[32mPASS[0m in 2.21s]
[0m14:57:53  5 of 63 START test dbt_expectations_expect_column_values_to_be_between_fact_order_items_price__0  [RUN]
[0m14:57:53  3 of 63 PASS dbt_expectations_expect_column_values_to_be_between_fact_order_items_delivery_time_days__365__0  [[32mPASS[0m in 2.32s]
[0m14:57:53  6 of 63 START test dbt_expectations_expect_column_values_to_be_between_fact_order_items_review_score__5__1  [RUN]
[0m14:57:53  2 of 63 PASS dbt_expectations_expect_column_values_to_be_between_dim_geolocation_longitude__180___180  [[32mPASS[0m in 2.38s]
[0m14:57:53  4 of 63 PASS dbt_expectations_expect_column_values_to_be_between_fact_order_items_freight_value__0  [[32mPASS[0m in 2.39s]
[0m14:57:53  7 of 63 START test dbt_expectations_expect_column_values_to_be_between_stg_order_reviews_review_score__5__1  [RUN]
[0m14:57:53  8 of 63 START test dbt_expectations_expect_column_values_to_be_in_set_dim_dates_day_of_week__Monday__Tuesday__Wednesday__Thursday__Friday__Saturday__Sunday  [RUN]
[0m14:57:55  5 of 63 PASS dbt_expectations_expect_column_values_to_be_between_fact_order_items_price__0  [[32mPASS[0m in 2.18s]
[0m14:57:55  6 of 63 PASS dbt_expectations_expect_column_values_to_be_between_fact_order_items_review_score__5__1  [[32mPASS[0m in 2.08s]
[0m14:57:55  9 of 63 START test dbt_expectations_expect_column_values_to_be_in_set_dim_dates_month_name__January__February__March__April__May__June__July__August__September__October__November__December  [RUN]
[0m14:57:55  10 of 63 START test dbt_expectations_expect_column_values_to_be_in_set_dim_payments_payment_type__credit_card__debit_card__boleto__voucher__not_defined  [RUN]
[0m14:57:55  7 of 63 PASS dbt_expectations_expect_column_values_to_be_between_stg_order_reviews_review_score__5__1  [[32mPASS[0m in 2.05s]
[0m14:57:55  11 of 63 START test dbt_expectations_expect_column_values_to_be_of_type_fact_order_items_freight_value__numeric  [RUN]
[0m14:57:56  8 of 63 PASS dbt_expectations_expect_column_values_to_be_in_set_dim_dates_day_of_week__Monday__Tuesday__Wednesday__Thursday__Friday__Saturday__Sunday  [[32mPASS[0m in 2.33s]
[0m14:57:56  12 of 63 START test dbt_expectations_expect_column_values_to_be_of_type_fact_order_items_price__numeric  [RUN]
[0m14:57:57  9 of 63 PASS dbt_expectations_expect_column_values_to_be_in_set_dim_dates_month_name__January__February__March__April__May__June__July__August__September__October__November__December  [[32mPASS[0m in 2.02s]
[0m14:57:57  13 of 63 START test dbt_expectations_expect_column_values_to_be_of_type_stg_orders_order_purchase_timestamp__timestamp  [RUN]
[0m14:57:57  11 of 63 PASS dbt_expectations_expect_column_values_to_be_of_type_fact_order_items_freight_value__numeric  [[32mPASS[0m in 1.93s]
[0m14:57:57  14 of 63 START test dbt_utils_unique_combination_of_columns_fact_order_items_order_id__order_item_id  [RUN]
[0m14:57:58  12 of 63 PASS dbt_expectations_expect_column_values_to_be_of_type_fact_order_items_price__numeric  [[32mPASS[0m in 1.89s]
[0m14:57:58  15 of 63 START test dbt_utils_unique_combination_of_columns_stg_order_items_order_id__order_item_id  [RUN]
[0m14:57:58  10 of 63 PASS dbt_expectations_expect_column_values_to_be_in_set_dim_payments_payment_type__credit_card__debit_card__boleto__voucher__not_defined  [[32mPASS[0m in 2.30s]
[0m14:57:58  16 of 63 START test dbt_utils_unique_combination_of_columns_stg_order_payments_order_id__payment_sequential  [RUN]
[0m14:57:59  13 of 63 PASS dbt_expectations_expect_column_values_to_be_of_type_stg_orders_order_purchase_timestamp__timestamp  [[32mPASS[0m in 1.89s]
[0m14:57:59  17 of 63 START test not_null_dim_customers_customer_id ......................... [RUN]
[0m14:58:00  15 of 63 PASS dbt_utils_unique_combination_of_columns_stg_order_items_order_id__order_item_id  [[32mPASS[0m in 2.13s]
[0m14:58:00  18 of 63 START test not_null_dim_dates_date_key ................................ [RUN]
[0m14:58:00  14 of 63 PASS dbt_utils_unique_combination_of_columns_fact_order_items_order_id__order_item_id  [[32mPASS[0m in 2.30s]
[0m14:58:00  19 of 63 START test not_null_dim_geolocation_geolocation_zip_code_prefix ....... [RUN]
[0m14:58:00  16 of 63 PASS dbt_utils_unique_combination_of_columns_stg_order_payments_order_id__payment_sequential  [[32mPASS[0m in 2.39s]
[0m14:58:00  20 of 63 START test not_null_dim_payments_payment_type_key ..................... [RUN]
[0m14:58:01  17 of 63 PASS not_null_dim_customers_customer_id ............................... [[32mPASS[0m in 1.91s]
[0m14:58:01  21 of 63 START test not_null_dim_products_product_id ........................... [RUN]
[0m14:58:01  19 of 63 PASS not_null_dim_geolocation_geolocation_zip_code_prefix ............. [[32mPASS[0m in 1.64s]
[0m14:58:01  22 of 63 START test not_null_dim_sellers_seller_id ............................. [RUN]
[0m14:58:02  18 of 63 PASS not_null_dim_dates_date_key ...................................... [[32mPASS[0m in 1.83s]
[0m14:58:02  23 of 63 START test not_null_fact_order_items_customer_id ...................... [RUN]
[0m14:58:02  20 of 63 PASS not_null_dim_payments_payment_type_key ........................... [[32mPASS[0m in 1.77s]
[0m14:58:02  24 of 63 START test not_null_fact_order_items_order_date_key ................... [RUN]
[0m14:58:03  22 of 63 PASS not_null_dim_sellers_seller_id ................................... [[32mPASS[0m in 1.69s]
[0m14:58:03  25 of 63 START test not_null_fact_order_items_order_id ......................... [RUN]
[0m14:58:03  21 of 63 PASS not_null_dim_products_product_id ................................. [[32mPASS[0m in 2.00s]
[0m14:58:03  26 of 63 START test not_null_fact_order_items_order_item_id .................... [RUN]
[0m14:58:03  23 of 63 PASS not_null_fact_order_items_customer_id ............................ [[32mPASS[0m in 1.90s]
[0m14:58:03  27 of 63 START test not_null_fact_order_items_order_item_key ................... [RUN]
[0m14:58:04  24 of 63 PASS not_null_fact_order_items_order_date_key ......................... [[32mPASS[0m in 1.69s]
[0m14:58:04  28 of 63 START test not_null_fact_order_items_payment_type_key ................. [RUN]
[0m14:58:05  25 of 63 PASS not_null_fact_order_items_order_id ............................... [[32mPASS[0m in 1.63s]
[0m14:58:05  29 of 63 START test not_null_fact_order_items_price ............................ [RUN]
[0m14:58:05  26 of 63 PASS not_null_fact_order_items_order_item_id .......................... [[32mPASS[0m in 1.64s]
[0m14:58:05  30 of 63 START test not_null_fact_order_items_product_id ....................... [RUN]
[0m14:58:05  28 of 63 PASS not_null_fact_order_items_payment_type_key ....................... [[32mPASS[0m in 1.58s]
[0m14:58:05  31 of 63 START test not_null_fact_order_items_seller_id ........................ [RUN]
[0m14:58:05  27 of 63 PASS not_null_fact_order_items_order_item_key ......................... [[32mPASS[0m in 1.66s]
[0m14:58:05  32 of 63 START test not_null_stg_customers_customer_id ......................... [RUN]
[0m14:58:06  29 of 63 PASS not_null_fact_order_items_price .................................. [[32mPASS[0m in 1.57s]
[0m14:58:06  33 of 63 START test not_null_stg_customers_customer_unique_id .................. [RUN]
[0m14:58:07  31 of 63 PASS not_null_fact_order_items_seller_id .............................. [[32mPASS[0m in 1.61s]
[0m14:58:07  34 of 63 START test not_null_stg_customers_customer_zip_code_prefix ............ [RUN]
[0m14:58:07  30 of 63 PASS not_null_fact_order_items_product_id ............................. [[32mPASS[0m in 1.99s]
[0m14:58:07  35 of 63 START test not_null_stg_geolocation_geolocation_zip_code_prefix ....... [RUN]
[0m14:58:07  32 of 63 PASS not_null_stg_customers_customer_id ............................... [[32mPASS[0m in 1.78s]
[0m14:58:07  36 of 63 START test not_null_stg_order_items_order_id .......................... [RUN]
[0m14:58:08  33 of 63 PASS not_null_stg_customers_customer_unique_id ........................ [[32mPASS[0m in 1.88s]
[0m14:58:08  37 of 63 START test not_null_stg_order_items_order_item_id ..................... [RUN]
[0m14:58:09  36 of 63 PASS not_null_stg_order_items_order_id ................................ [[32mPASS[0m in 1.84s]
[0m14:58:09  38 of 63 START test not_null_stg_order_items_product_id ........................ [RUN]
[0m14:58:09  35 of 63 PASS not_null_stg_geolocation_geolocation_zip_code_prefix ............. [[32mPASS[0m in 2.05s]
[0m14:58:09  39 of 63 START test not_null_stg_order_items_seller_id ......................... [RUN]
[0m14:58:09  34 of 63 PASS not_null_stg_customers_customer_zip_code_prefix .................. [[32mPASS[0m in 2.26s]
[0m14:58:09  40 of 63 START test not_null_stg_order_reviews_order_id ........................ [RUN]
[0m14:58:10  37 of 63 PASS not_null_stg_order_items_order_item_id ........................... [[32mPASS[0m in 2.08s]
[0m14:58:10  41 of 63 START test not_null_stg_order_reviews_review_id ....................... [RUN]
[0m14:58:11  38 of 63 PASS not_null_stg_order_items_product_id .............................. [[32mPASS[0m in 2.18s]
[0m14:58:11  42 of 63 START test not_null_stg_order_reviews_review_score .................... [RUN]
[0m14:58:11  39 of 63 PASS not_null_stg_order_items_seller_id ............................... [[32mPASS[0m in 2.18s]
[0m14:58:11  43 of 63 START test not_null_stg_orders_customer_id ............................ [RUN]
[0m14:58:12  40 of 63 PASS not_null_stg_order_reviews_order_id .............................. [[32mPASS[0m in 2.99s]
[0m14:58:12  44 of 63 START test not_null_stg_orders_order_id ............................... [RUN]
[0m14:58:12  41 of 63 PASS not_null_stg_order_reviews_review_id ............................. [[32mPASS[0m in 1.77s]
[0m14:58:12  45 of 63 START test not_null_stg_orders_order_purchase_timestamp ............... [RUN]
[0m14:58:13  42 of 63 PASS not_null_stg_order_reviews_review_score .......................... [[32mPASS[0m in 1.69s]
[0m14:58:13  46 of 63 START test not_null_stg_products_product_id ........................... [RUN]
[0m14:58:13  43 of 63 PASS not_null_stg_orders_customer_id .................................. [[32mPASS[0m in 2.23s]
[0m14:58:13  47 of 63 START test not_null_stg_sellers_seller_id ............................. [RUN]
[0m14:58:14  44 of 63 PASS not_null_stg_orders_order_id ..................................... [[32mPASS[0m in 1.78s]
[0m14:58:14  48 of 63 START test relationships_dim_customers_geolocation_zip_code_prefix__geolocation_zip_code_prefix__ref_dim_geolocation_  [RUN]
[0m14:58:14  45 of 63 PASS not_null_stg_orders_order_purchase_timestamp ..................... [[32mPASS[0m in 2.06s]
[0m14:58:14  49 of 63 START test relationships_dim_sellers_geolocation_zip_code_prefix__geolocation_zip_code_prefix__ref_dim_geolocation_  [RUN]
[0m14:58:14  46 of 63 PASS not_null_stg_products_product_id ................................. [[32mPASS[0m in 1.75s]
[0m14:58:14  50 of 63 START test relationships_fact_order_items_customer_id__customer_id__ref_dim_customers_  [RUN]
[0m14:58:15  47 of 63 PASS not_null_stg_sellers_seller_id ................................... [[32mPASS[0m in 1.76s]
[0m14:58:15  51 of 63 START test relationships_fact_order_items_payment_type_key__payment_type_key__ref_dim_payments_  [RUN]
[0m14:58:15  48 of 63 PASS relationships_dim_customers_geolocation_zip_code_prefix__geolocation_zip_code_prefix__ref_dim_geolocation_  [[32mPASS[0m in 1.70s]
[0m14:58:15  52 of 63 START test relationships_fact_order_items_product_id__product_id__ref_dim_products_  [RUN]
[0m14:58:16  49 of 63 PASS relationships_dim_sellers_geolocation_zip_code_prefix__geolocation_zip_code_prefix__ref_dim_geolocation_  [[32mPASS[0m in 1.81s]
[0m14:58:16  53 of 63 START test relationships_fact_order_items_seller_id__seller_id__ref_dim_sellers_  [RUN]
[0m14:58:16  50 of 63 PASS relationships_fact_order_items_customer_id__customer_id__ref_dim_customers_  [[32mPASS[0m in 1.86s]
[0m14:58:16  54 of 63 START test unique_dim_customers_customer_id ........................... [RUN]
[0m14:58:17  51 of 63 PASS relationships_fact_order_items_payment_type_key__payment_type_key__ref_dim_payments_  [[32mPASS[0m in 1.69s]
[0m14:58:17  55 of 63 START test unique_dim_dates_date_key .................................. [RUN]
[0m14:58:17  52 of 63 PASS relationships_fact_order_items_product_id__product_id__ref_dim_products_  [[32mPASS[0m in 1.98s]
[0m14:58:17  56 of 63 START test unique_dim_geolocation_geolocation_zip_code_prefix ......... [RUN]
[0m14:58:18  53 of 63 PASS relationships_fact_order_items_seller_id__seller_id__ref_dim_sellers_  [[32mPASS[0m in 1.69s]
[0m14:58:18  57 of 63 START test unique_dim_payments_payment_type_key ....................... [RUN]
[0m14:58:18  54 of 63 PASS unique_dim_customers_customer_id ................................. [[32mPASS[0m in 1.68s]
[0m14:58:18  58 of 63 START test unique_dim_products_product_id ............................. [RUN]
[0m14:58:18  55 of 63 PASS unique_dim_dates_date_key ........................................ [[32mPASS[0m in 1.56s]
[0m14:58:18  59 of 63 START test unique_dim_sellers_seller_id ............................... [RUN]
[0m14:58:19  56 of 63 PASS unique_dim_geolocation_geolocation_zip_code_prefix ............... [[32mPASS[0m in 1.64s]
[0m14:58:19  60 of 63 START test unique_fact_order_items_order_item_key ..................... [RUN]
[0m14:58:19  57 of 63 PASS unique_dim_payments_payment_type_key ............................. [[32mPASS[0m in 1.80s]
[0m14:58:19  61 of 63 START test unique_stg_customers_customer_id ........................... [RUN]
[0m14:58:20  58 of 63 PASS unique_dim_products_product_id ................................... [[32mPASS[0m in 1.72s]
[0m14:58:20  62 of 63 START test unique_stg_products_product_id ............................. [RUN]
[0m14:58:20  59 of 63 PASS unique_dim_sellers_seller_id ..................................... [[32mPASS[0m in 1.77s]
[0m14:58:20  63 of 63 START test unique_stg_sellers_seller_id ............................... [RUN]
[0m14:58:21  60 of 63 PASS unique_fact_order_items_order_item_key ........................... [[32mPASS[0m in 1.80s]
[0m14:58:21  61 of 63 PASS unique_stg_customers_customer_id ................................. [[32mPASS[0m in 1.94s]
[0m14:58:22  62 of 63 PASS unique_stg_products_product_id ................................... [[32mPASS[0m in 2.37s]
[0m14:58:22  63 of 63 PASS unique_stg_sellers_seller_id ..................................... [[32mPASS[0m in 2.18s]
[0m14:58:22  
[0m14:58:44  1 of 1 START hook: elementary.on-run-end.0 ..................................... [RUN]
[0m14:58:44  1 of 1 OK hook: elementary.on-run-end.0 ........................................ [[32mOK[0m in 21.43s]
[0m14:58:44  
[0m14:58:44  Finished running 2 project hooks, 63 data tests in 0 hours 0 minutes and 54.50 seconds (54.50s).
[0m14:58:44  
[0m14:58:44  [32mCompleted successfully[0m
[0m14:58:44  
[0m14:58:44  Done. PASS=65 WARN=0 ERROR=0 SKIP=0 TOTAL=65

[32m2025-09-10 22:58:46 +0800[0m - dagster - [34mDEBUG[0m - __ASSET_JOB - 32c452f2-9200-4f74-9000-2b8fe901ee21 - 185170 - pipeline_dbt_test - STEP_OUTPUT - Yielded output "result" of type "Nothing". (Type check passed).
[32m2025-09-10 22:58:46 +0800[0m - dagster - [34mDEBUG[0m - __ASSET_JOB - 32c452f2-9200-4f74-9000-2b8fe901ee21 - 185170 - pipeline_dbt_test - ASSET_MATERIALIZATION - Materialized value pipeline_dbt_test.
[32m2025-09-10 22:58:46 +0800[0m - dagster - [34mDEBUG[0m - __ASSET_JOB - 32c452f2-9200-4f74-9000-2b8fe901ee21 - 185170 - pipeline_dbt_test - STEP_SUCCESS - Finished execution of step "pipeline_dbt_test" in 1m1s.
