[32m2025-09-10 23:16:07 +0800[0m - dagster - [34mDEBUG[0m - etl_job - f24dbf66-9c8b-4076-b831-b55bcf438913 - 309260 - LOGS_CAPTURED - Started capturing logs in process (pid: 309260).
[32m2025-09-10 23:16:07 +0800[0m - dagster - [34mDEBUG[0m - etl_job - f24dbf66-9c8b-4076-b831-b55bcf438913 - 309260 - pipeline_dbt_test - STEP_START - Started execution of step "pipeline_dbt_test".
[32m2025-09-10 23:16:07 +0800[0m - dagster - [34mINFO[0m - etl_job - f24dbf66-9c8b-4076-b831-b55bcf438913 - pipeline_dbt_test - Running dbt command: dbt test --project-dir /home/ser/DSAI/5m-data-m2-project-2/5m-data-m2-project/dagster-orchestration/dagster_orchestration/assets/../../../dbt_olist --profiles-dir /home/ser/DSAI/5m-data-m2-project-2/5m-data-m2-project/dagster-orchestration/dagster_orchestration/assets/../../../dbt_olist
[32m2025-09-10 23:17:06 +0800[0m - dagster - [34mINFO[0m - etl_job - f24dbf66-9c8b-4076-b831-b55bcf438913 - pipeline_dbt_test - [0m15:16:09  Running with dbt=1.9.6
[0m15:16:11  Registered adapter: bigquery=1.9.2
[0m15:16:12  Found 46 models, 1 seed, 2 operations, 63 data tests, 9 sources, 1678 macros
[0m15:16:12  
[0m15:16:12  Concurrency: 4 threads (target='dev')
[0m15:16:12  
[0m15:16:12  Elementary: Runtime data: {"config": {}, "dbt_version": "1.9.6", "elementary_version": "0.19.4", "database": "calm-analogy-468216-e0", "schema": "m2_prod_elementary"}
[0m15:16:13  1 of 1 START hook: elementary.on-run-start.0 ................................... [RUN]
[0m15:16:13  1 of 1 OK hook: elementary.on-run-start.0 ...................................... [[32mOK[0m in 0.82s]
[0m15:16:13  
[0m15:16:13  1 of 63 START test dbt_expectations_expect_column_values_to_be_between_dim_geolocation_latitude__90___90  [RUN]
[0m15:16:13  2 of 63 START test dbt_expectations_expect_column_values_to_be_between_dim_geolocation_longitude__180___180  [RUN]
[0m15:16:13  3 of 63 START test dbt_expectations_expect_column_values_to_be_between_fact_order_items_delivery_time_days__365__0  [RUN]
[0m15:16:13  4 of 63 START test dbt_expectations_expect_column_values_to_be_between_fact_order_items_freight_value__0  [RUN]
[0m15:16:13  [[33mWARNING[0m]: Installed package 'elementary' is overriding the built-in
materialization 'test'. Overrides of built-in materializations from installed
packages will be deprecated in future versions of dbt. For more information:
https://docs.getdbt.com/reference/global-configs/legacy-behaviors
[0m15:16:13  [[33mWARNING[0m]: Installed package 'elementary' is overriding the built-in
materialization 'test'. Overrides of built-in materializations from installed
packages will be deprecated in future versions of dbt. For more information:
https://docs.getdbt.com/reference/global-configs/legacy-behaviors
[0m15:16:13  [[33mWARNING[0m]: Installed package 'elementary' is overriding the built-in
materialization 'test'. Overrides of built-in materializations from installed
packages will be deprecated in future versions of dbt. For more information:
https://docs.getdbt.com/reference/global-configs/legacy-behaviors
[0m15:16:13  [[33mWARNING[0m]: Installed package 'elementary' is overriding the built-in
materialization 'test'. Overrides of built-in materializations from installed
packages will be deprecated in future versions of dbt. For more information:
https://docs.getdbt.com/reference/global-configs/legacy-behaviors
[0m15:16:15  2 of 63 PASS dbt_expectations_expect_column_values_to_be_between_dim_geolocation_longitude__180___180  [[32mPASS[0m in 2.05s]
[0m15:16:15  3 of 63 PASS dbt_expectations_expect_column_values_to_be_between_fact_order_items_delivery_time_days__365__0  [[32mPASS[0m in 2.05s]
[0m15:16:15  4 of 63 PASS dbt_expectations_expect_column_values_to_be_between_fact_order_items_freight_value__0  [[32mPASS[0m in 2.06s]
[0m15:16:15  1 of 63 PASS dbt_expectations_expect_column_values_to_be_between_dim_geolocation_latitude__90___90  [[32mPASS[0m in 2.06s]
[0m15:16:15  5 of 63 START test dbt_expectations_expect_column_values_to_be_between_fact_order_items_price__0  [RUN]
[0m15:16:15  6 of 63 START test dbt_expectations_expect_column_values_to_be_between_fact_order_items_review_score__5__1  [RUN]
[0m15:16:15  7 of 63 START test dbt_expectations_expect_column_values_to_be_between_stg_order_reviews_review_score__5__1  [RUN]
[0m15:16:15  8 of 63 START test dbt_expectations_expect_column_values_to_be_in_set_dim_dates_day_of_week__Monday__Tuesday__Wednesday__Thursday__Friday__Saturday__Sunday  [RUN]
[0m15:16:17  5 of 63 PASS dbt_expectations_expect_column_values_to_be_between_fact_order_items_price__0  [[32mPASS[0m in 1.75s]
[0m15:16:17  9 of 63 START test dbt_expectations_expect_column_values_to_be_in_set_dim_dates_month_name__January__February__March__April__May__June__July__August__September__October__November__December  [RUN]
[0m15:16:17  6 of 63 PASS dbt_expectations_expect_column_values_to_be_between_fact_order_items_review_score__5__1  [[32mPASS[0m in 1.86s]
[0m15:16:17  10 of 63 START test dbt_expectations_expect_column_values_to_be_in_set_dim_payments_payment_type__credit_card__debit_card__boleto__voucher__not_defined  [RUN]
[0m15:16:17  8 of 63 PASS dbt_expectations_expect_column_values_to_be_in_set_dim_dates_day_of_week__Monday__Tuesday__Wednesday__Thursday__Friday__Saturday__Sunday  [[32mPASS[0m in 1.87s]
[0m15:16:17  11 of 63 START test dbt_expectations_expect_column_values_to_be_of_type_fact_order_items_freight_value__numeric  [RUN]
[0m15:16:17  7 of 63 PASS dbt_expectations_expect_column_values_to_be_between_stg_order_reviews_review_score__5__1  [[32mPASS[0m in 2.03s]
[0m15:16:17  12 of 63 START test dbt_expectations_expect_column_values_to_be_of_type_fact_order_items_price__numeric  [RUN]
[0m15:16:19  9 of 63 PASS dbt_expectations_expect_column_values_to_be_in_set_dim_dates_month_name__January__February__March__April__May__June__July__August__September__October__November__December  [[32mPASS[0m in 1.93s]
[0m15:16:19  13 of 63 START test dbt_expectations_expect_column_values_to_be_of_type_stg_orders_order_purchase_timestamp__timestamp  [RUN]
[0m15:16:19  10 of 63 PASS dbt_expectations_expect_column_values_to_be_in_set_dim_payments_payment_type__credit_card__debit_card__boleto__voucher__not_defined  [[32mPASS[0m in 1.83s]
[0m15:16:19  14 of 63 START test dbt_utils_unique_combination_of_columns_fact_order_items_order_id__order_item_id  [RUN]
[0m15:16:19  11 of 63 PASS dbt_expectations_expect_column_values_to_be_of_type_fact_order_items_freight_value__numeric  [[32mPASS[0m in 1.85s]
[0m15:16:19  12 of 63 PASS dbt_expectations_expect_column_values_to_be_of_type_fact_order_items_price__numeric  [[32mPASS[0m in 1.72s]
[0m15:16:19  15 of 63 START test dbt_utils_unique_combination_of_columns_stg_order_items_order_id__order_item_id  [RUN]
[0m15:16:19  16 of 63 START test dbt_utils_unique_combination_of_columns_stg_order_payments_order_id__payment_sequential  [RUN]
[0m15:16:21  14 of 63 PASS dbt_utils_unique_combination_of_columns_fact_order_items_order_id__order_item_id  [[32mPASS[0m in 1.91s]
[0m15:16:21  17 of 63 START test not_null_dim_customers_customer_id ......................... [RUN]
[0m15:16:21  13 of 63 PASS dbt_expectations_expect_column_values_to_be_of_type_stg_orders_order_purchase_timestamp__timestamp  [[32mPASS[0m in 1.98s]
[0m15:16:21  18 of 63 START test not_null_dim_dates_date_key ................................ [RUN]
[0m15:16:21  15 of 63 PASS dbt_utils_unique_combination_of_columns_stg_order_items_order_id__order_item_id  [[32mPASS[0m in 2.05s]
[0m15:16:21  19 of 63 START test not_null_dim_geolocation_geolocation_zip_code_prefix ....... [RUN]
[0m15:16:21  16 of 63 PASS dbt_utils_unique_combination_of_columns_stg_order_payments_order_id__payment_sequential  [[32mPASS[0m in 2.10s]
[0m15:16:21  20 of 63 START test not_null_dim_payments_payment_type_key ..................... [RUN]
[0m15:16:23  18 of 63 PASS not_null_dim_dates_date_key ...................................... [[32mPASS[0m in 1.73s]
[0m15:16:23  21 of 63 START test not_null_dim_products_product_id ........................... [RUN]
[0m15:16:23  17 of 63 PASS not_null_dim_customers_customer_id ............................... [[32mPASS[0m in 1.75s]
[0m15:16:23  19 of 63 PASS not_null_dim_geolocation_geolocation_zip_code_prefix ............. [[32mPASS[0m in 1.61s]
[0m15:16:23  22 of 63 START test not_null_dim_sellers_seller_id ............................. [RUN]
[0m15:16:23  23 of 63 START test not_null_fact_order_items_customer_id ...................... [RUN]
[0m15:16:23  20 of 63 PASS not_null_dim_payments_payment_type_key ........................... [[32mPASS[0m in 1.64s]
[0m15:16:23  24 of 63 START test not_null_fact_order_items_order_date_key ................... [RUN]
[0m15:16:24  22 of 63 PASS not_null_dim_sellers_seller_id ................................... [[32mPASS[0m in 1.69s]
[0m15:16:24  21 of 63 PASS not_null_dim_products_product_id ................................. [[32mPASS[0m in 1.73s]
[0m15:16:25  25 of 63 START test not_null_fact_order_items_order_id ......................... [RUN]
[0m15:16:25  26 of 63 START test not_null_fact_order_items_order_item_id .................... [RUN]
[0m15:16:25  23 of 63 PASS not_null_fact_order_items_customer_id ............................ [[32mPASS[0m in 1.72s]
[0m15:16:25  27 of 63 START test not_null_fact_order_items_order_item_key ................... [RUN]
[0m15:16:25  24 of 63 PASS not_null_fact_order_items_order_date_key ......................... [[32mPASS[0m in 1.86s]
[0m15:16:25  28 of 63 START test not_null_fact_order_items_payment_type_key ................. [RUN]
[0m15:16:26  25 of 63 PASS not_null_fact_order_items_order_id ............................... [[32mPASS[0m in 1.63s]
[0m15:16:26  26 of 63 PASS not_null_fact_order_items_order_item_id .......................... [[32mPASS[0m in 1.63s]
[0m15:16:26  29 of 63 START test not_null_fact_order_items_price ............................ [RUN]
[0m15:16:26  30 of 63 START test not_null_fact_order_items_product_id ....................... [RUN]
[0m15:16:26  27 of 63 PASS not_null_fact_order_items_order_item_key ......................... [[32mPASS[0m in 1.73s]
[0m15:16:26  31 of 63 START test not_null_fact_order_items_seller_id ........................ [RUN]
[0m15:16:26  28 of 63 PASS not_null_fact_order_items_payment_type_key ....................... [[32mPASS[0m in 1.56s]
[0m15:16:26  32 of 63 START test not_null_stg_customers_customer_id ......................... [RUN]
[0m15:16:28  29 of 63 PASS not_null_fact_order_items_price .................................. [[32mPASS[0m in 1.66s]
[0m15:16:28  33 of 63 START test not_null_stg_customers_customer_unique_id .................. [RUN]
[0m15:16:28  30 of 63 PASS not_null_fact_order_items_product_id ............................. [[32mPASS[0m in 1.67s]
[0m15:16:28  34 of 63 START test not_null_stg_customers_customer_zip_code_prefix ............ [RUN]
[0m15:16:28  31 of 63 PASS not_null_fact_order_items_seller_id .............................. [[32mPASS[0m in 1.67s]
[0m15:16:28  35 of 63 START test not_null_stg_geolocation_geolocation_zip_code_prefix ....... [RUN]
[0m15:16:28  32 of 63 PASS not_null_stg_customers_customer_id ............................... [[32mPASS[0m in 2.05s]
[0m15:16:28  36 of 63 START test not_null_stg_order_items_order_id .......................... [RUN]
[0m15:16:30  34 of 63 PASS not_null_stg_customers_customer_zip_code_prefix .................. [[32mPASS[0m in 1.89s]
[0m15:16:30  37 of 63 START test not_null_stg_order_items_order_item_id ..................... [RUN]
[0m15:16:30  33 of 63 PASS not_null_stg_customers_customer_unique_id ........................ [[32mPASS[0m in 2.28s]
[0m15:16:30  35 of 63 PASS not_null_stg_geolocation_geolocation_zip_code_prefix ............. [[32mPASS[0m in 2.13s]
[0m15:16:30  38 of 63 START test not_null_stg_order_items_product_id ........................ [RUN]
[0m15:16:30  39 of 63 START test not_null_stg_order_items_seller_id ......................... [RUN]
[0m15:16:31  36 of 63 PASS not_null_stg_order_items_order_id ................................ [[32mPASS[0m in 2.27s]
[0m15:16:31  40 of 63 START test not_null_stg_order_reviews_order_id ........................ [RUN]
[0m15:16:32  37 of 63 PASS not_null_stg_order_items_order_item_id ........................... [[32mPASS[0m in 2.05s]
[0m15:16:32  41 of 63 START test not_null_stg_order_reviews_review_id ....................... [RUN]
[0m15:16:32  38 of 63 PASS not_null_stg_order_items_product_id .............................. [[32mPASS[0m in 2.07s]
[0m15:16:32  42 of 63 START test not_null_stg_order_reviews_review_score .................... [RUN]
[0m15:16:32  40 of 63 PASS not_null_stg_order_reviews_order_id .............................. [[32mPASS[0m in 1.66s]
[0m15:16:32  43 of 63 START test not_null_stg_orders_customer_id ............................ [RUN]
[0m15:16:33  39 of 63 PASS not_null_stg_order_items_seller_id ............................... [[32mPASS[0m in 2.79s]
[0m15:16:33  44 of 63 START test not_null_stg_orders_order_id ............................... [RUN]
[0m15:16:33  41 of 63 PASS not_null_stg_order_reviews_review_id ............................. [[32mPASS[0m in 1.71s]
[0m15:16:33  45 of 63 START test not_null_stg_orders_order_purchase_timestamp ............... [RUN]
[0m15:16:34  42 of 63 PASS not_null_stg_order_reviews_review_score .......................... [[32mPASS[0m in 1.93s]
[0m15:16:34  46 of 63 START test not_null_stg_products_product_id ........................... [RUN]
[0m15:16:34  43 of 63 PASS not_null_stg_orders_customer_id .................................. [[32mPASS[0m in 2.07s]
[0m15:16:34  47 of 63 START test not_null_stg_sellers_seller_id ............................. [RUN]
[0m15:16:35  44 of 63 PASS not_null_stg_orders_order_id ..................................... [[32mPASS[0m in 1.76s]
[0m15:16:35  48 of 63 START test relationships_dim_customers_geolocation_zip_code_prefix__geolocation_zip_code_prefix__ref_dim_geolocation_  [RUN]
[0m15:16:35  45 of 63 PASS not_null_stg_orders_order_purchase_timestamp ..................... [[32mPASS[0m in 1.82s]
[0m15:16:35  49 of 63 START test relationships_dim_sellers_geolocation_zip_code_prefix__geolocation_zip_code_prefix__ref_dim_geolocation_  [RUN]
[0m15:16:36  46 of 63 PASS not_null_stg_products_product_id ................................. [[32mPASS[0m in 1.84s]
[0m15:16:36  50 of 63 START test relationships_fact_order_items_customer_id__customer_id__ref_dim_customers_  [RUN]
[0m15:16:36  48 of 63 PASS relationships_dim_customers_geolocation_zip_code_prefix__geolocation_zip_code_prefix__ref_dim_geolocation_  [[32mPASS[0m in 1.59s]
[0m15:16:36  51 of 63 START test relationships_fact_order_items_payment_type_key__payment_type_key__ref_dim_payments_  [RUN]
[0m15:16:36  47 of 63 PASS not_null_stg_sellers_seller_id ................................... [[32mPASS[0m in 2.04s]
[0m15:16:36  52 of 63 START test relationships_fact_order_items_product_id__product_id__ref_dim_products_  [RUN]
[0m15:16:37  49 of 63 PASS relationships_dim_sellers_geolocation_zip_code_prefix__geolocation_zip_code_prefix__ref_dim_geolocation_  [[32mPASS[0m in 1.69s]
[0m15:16:37  53 of 63 START test relationships_fact_order_items_seller_id__seller_id__ref_dim_sellers_  [RUN]
[0m15:16:38  51 of 63 PASS relationships_fact_order_items_payment_type_key__payment_type_key__ref_dim_payments_  [[32mPASS[0m in 1.61s]
[0m15:16:38  54 of 63 START test unique_dim_customers_customer_id ........................... [RUN]
[0m15:16:38  50 of 63 PASS relationships_fact_order_items_customer_id__customer_id__ref_dim_customers_  [[32mPASS[0m in 1.97s]
[0m15:16:38  55 of 63 START test unique_dim_dates_date_key .................................. [RUN]
[0m15:16:38  52 of 63 PASS relationships_fact_order_items_product_id__product_id__ref_dim_products_  [[32mPASS[0m in 1.80s]
[0m15:16:38  56 of 63 START test unique_dim_geolocation_geolocation_zip_code_prefix ......... [RUN]
[0m15:16:39  53 of 63 PASS relationships_fact_order_items_seller_id__seller_id__ref_dim_sellers_  [[32mPASS[0m in 1.62s]
[0m15:16:39  57 of 63 START test unique_dim_payments_payment_type_key ....................... [RUN]
[0m15:16:39  55 of 63 PASS unique_dim_dates_date_key ........................................ [[32mPASS[0m in 1.58s]
[0m15:16:39  58 of 63 START test unique_dim_products_product_id ............................. [RUN]
[0m15:16:40  54 of 63 PASS unique_dim_customers_customer_id ................................. [[32mPASS[0m in 1.80s]
[0m15:16:40  59 of 63 START test unique_dim_sellers_seller_id ............................... [RUN]
[0m15:16:40  56 of 63 PASS unique_dim_geolocation_geolocation_zip_code_prefix ............... [[32mPASS[0m in 1.49s]
[0m15:16:40  60 of 63 START test unique_fact_order_items_order_item_key ..................... [RUN]
[0m15:16:40  57 of 63 PASS unique_dim_payments_payment_type_key ............................. [[32mPASS[0m in 1.55s]
[0m15:16:40  61 of 63 START test unique_stg_customers_customer_id ........................... [RUN]
[0m15:16:41  58 of 63 PASS unique_dim_products_product_id ................................... [[32mPASS[0m in 1.71s]
[0m15:16:41  62 of 63 START test unique_stg_products_product_id ............................. [RUN]
[0m15:16:41  59 of 63 PASS unique_dim_sellers_seller_id ..................................... [[32mPASS[0m in 1.69s]
[0m15:16:41  63 of 63 START test unique_stg_sellers_seller_id ............................... [RUN]
[0m15:16:41  60 of 63 PASS unique_fact_order_items_order_item_key ........................... [[32mPASS[0m in 1.75s]
[0m15:16:42  61 of 63 PASS unique_stg_customers_customer_id ................................. [[32mPASS[0m in 1.83s]
[0m15:16:43  62 of 63 PASS unique_stg_products_product_id ................................... [[32mPASS[0m in 1.86s]
[0m15:16:43  63 of 63 PASS unique_stg_sellers_seller_id ..................................... [[32mPASS[0m in 1.79s]
[0m15:16:43  
[0m15:17:04  1 of 1 START hook: elementary.on-run-end.0 ..................................... [RUN]
[0m15:17:04  1 of 1 OK hook: elementary.on-run-end.0 ........................................ [[32mOK[0m in 20.83s]
[0m15:17:04  
[0m15:17:04  Finished running 2 project hooks, 63 data tests in 0 hours 0 minutes and 51.96 seconds (51.96s).
[0m15:17:04  
[0m15:17:04  [32mCompleted successfully[0m
[0m15:17:04  
[0m15:17:04  Done. PASS=65 WARN=0 ERROR=0 SKIP=0 TOTAL=65

[32m2025-09-10 23:17:06 +0800[0m - dagster - [34mDEBUG[0m - etl_job - f24dbf66-9c8b-4076-b831-b55bcf438913 - 309260 - pipeline_dbt_test - STEP_OUTPUT - Yielded output "result" of type "Nothing". (Type check passed).
[32m2025-09-10 23:17:06 +0800[0m - dagster - [34mDEBUG[0m - etl_job - f24dbf66-9c8b-4076-b831-b55bcf438913 - 309260 - pipeline_dbt_test - ASSET_MATERIALIZATION - Materialized value pipeline_dbt_test.
[32m2025-09-10 23:17:06 +0800[0m - dagster - [34mDEBUG[0m - etl_job - f24dbf66-9c8b-4076-b831-b55bcf438913 - 309260 - pipeline_dbt_test - STEP_SUCCESS - Finished execution of step "pipeline_dbt_test" in 59.56s.
