[32m2025-09-10 23:15:03 +0800[0m - dagster - [34mDEBUG[0m - etl_job - f24dbf66-9c8b-4076-b831-b55bcf438913 - 302055 - LOGS_CAPTURED - Started capturing logs in process (pid: 302055).
[32m2025-09-10 23:15:03 +0800[0m - dagster - [34mDEBUG[0m - etl_job - f24dbf66-9c8b-4076-b831-b55bcf438913 - 302055 - pipeline_dbt_run - STEP_START - Started execution of step "pipeline_dbt_run".
[32m2025-09-10 23:15:03 +0800[0m - dagster - [34mINFO[0m - etl_job - f24dbf66-9c8b-4076-b831-b55bcf438913 - pipeline_dbt_run - Running dbt command: dbt run --full-refresh --project-dir /home/ser/DSAI/5m-data-m2-project-2/5m-data-m2-project/dagster-orchestration/dagster_orchestration/assets/../../../dbt_olist --profiles-dir /home/ser/DSAI/5m-data-m2-project-2/5m-data-m2-project/dagster-orchestration/dagster_orchestration/assets/../../../dbt_olist
[32m2025-09-10 23:16:04 +0800[0m - dagster - [34mINFO[0m - etl_job - f24dbf66-9c8b-4076-b831-b55bcf438913 - pipeline_dbt_run - [0m15:15:04  Running with dbt=1.9.6
[0m15:15:07  Registered adapter: bigquery=1.9.2
[0m15:15:08  Found 46 models, 1 seed, 2 operations, 63 data tests, 9 sources, 1678 macros
[0m15:15:08  
[0m15:15:08  Concurrency: 4 threads (target='dev')
[0m15:15:08  
[0m15:15:09  Elementary: Runtime data: {"config": {}, "dbt_version": "1.9.6", "elementary_version": "0.19.4", "database": "calm-analogy-468216-e0", "schema": "m2_prod_elementary"}
[0m15:15:09  1 of 1 START hook: elementary.on-run-start.0 ................................... [RUN]
[0m15:15:09  1 of 1 OK hook: elementary.on-run-start.0 ...................................... [[32mOK[0m in 0.05s]
[0m15:15:09  
[0m15:15:09  1 of 46 START sql view model m2_prod.stg_customers ............................. [RUN]
[0m15:15:09  2 of 46 START sql view model m2_prod.stg_geolocation ........................... [RUN]
[0m15:15:09  3 of 46 START sql view model m2_prod.stg_order_items ........................... [RUN]
[0m15:15:09  4 of 46 START sql view model m2_prod.stg_order_payments ........................ [RUN]
[0m15:15:10  3 of 46 OK created sql view model m2_prod.stg_order_items ...................... [[32mCREATE VIEW (0 processed)[0m in 1.38s]
[0m15:15:10  5 of 46 START sql view model m2_prod.stg_order_reviews ......................... [RUN]
[0m15:15:10  1 of 46 OK created sql view model m2_prod.stg_customers ........................ [[32mCREATE VIEW (0 processed)[0m in 1.48s]
[0m15:15:10  4 of 46 OK created sql view model m2_prod.stg_order_payments ................... [[32mCREATE VIEW (0 processed)[0m in 1.48s]
[0m15:15:10  6 of 46 START sql view model m2_prod.stg_orders ................................ [RUN]
[0m15:15:10  7 of 46 START sql view model m2_prod.stg_product_category_name_translation ..... [RUN]
[0m15:15:11  2 of 46 OK created sql view model m2_prod.stg_geolocation ...................... [[32mCREATE VIEW (0 processed)[0m in 1.59s]
[0m15:15:11  8 of 46 START sql view model m2_prod.stg_products .............................. [RUN]
[0m15:15:12  6 of 46 OK created sql view model m2_prod.stg_orders ........................... [[32mCREATE VIEW (0 processed)[0m in 1.26s]
[0m15:15:12  9 of 46 START sql view model m2_prod.stg_sellers ............................... [RUN]
[0m15:15:12  5 of 46 OK created sql view model m2_prod.stg_order_reviews .................... [[32mCREATE VIEW (0 processed)[0m in 1.42s]
[0m15:15:12  10 of 46 START sql incremental model m2_prod_elementary.data_monitoring_metrics  [RUN]
[0m15:15:12  7 of 46 OK created sql view model m2_prod.stg_product_category_name_translation  [[32mCREATE VIEW (0 processed)[0m in 1.33s]
[0m15:15:12  11 of 46 START sql incremental model m2_prod_elementary.dbt_columns ............ [RUN]
[0m15:15:12  8 of 46 OK created sql view model m2_prod.stg_products ......................... [[32mCREATE VIEW (0 processed)[0m in 1.42s]
[0m15:15:12  12 of 46 START sql incremental model m2_prod_elementary.dbt_exposures .......... [RUN]
[0m15:15:13  9 of 46 OK created sql view model m2_prod.stg_sellers .......................... [[32mCREATE VIEW (0 processed)[0m in 1.25s]
[0m15:15:13  13 of 46 START sql incremental model m2_prod_elementary.dbt_groups ............. [RUN]
[0m15:15:15  10 of 46 OK created sql incremental model m2_prod_elementary.data_monitoring_metrics  [[32mCREATE TABLE (0.0 rows, 0 processed)[0m in 3.19s]
[0m15:15:15  14 of 46 START sql incremental model m2_prod_elementary.dbt_invocations ........ [RUN]
[0m15:15:17  12 of 46 OK created sql incremental model m2_prod_elementary.dbt_exposures ..... [[32mCREATE TABLE (0.0 rows, 0 processed)[0m in 5.31s]
[0m15:15:17  15 of 46 START sql incremental model m2_prod_elementary.dbt_metrics ............ [RUN]
[0m15:15:18  13 of 46 OK created sql incremental model m2_prod_elementary.dbt_groups ........ [[32mCREATE TABLE (0.0 rows, 0 processed)[0m in 4.58s]
[0m15:15:18  16 of 46 START sql incremental model m2_prod_elementary.dbt_models ............. [RUN]
[0m15:15:18  14 of 46 OK created sql incremental model m2_prod_elementary.dbt_invocations ... [[32mCREATE TABLE (0.0 rows, 0 processed)[0m in 3.07s]
[0m15:15:18  17 of 46 START sql incremental model m2_prod_elementary.dbt_run_results ........ [RUN]
[0m15:15:21  17 of 46 OK created sql incremental model m2_prod_elementary.dbt_run_results ... [[32mCREATE TABLE (0.0 rows, 0 processed)[0m in 2.87s]
[0m15:15:21  18 of 46 START sql incremental model m2_prod_elementary.dbt_seeds .............. [RUN]
[0m15:15:22  15 of 46 OK created sql incremental model m2_prod_elementary.dbt_metrics ....... [[32mCREATE TABLE (0.0 rows, 0 processed)[0m in 4.98s]
[0m15:15:22  19 of 46 START sql incremental model m2_prod_elementary.dbt_snapshots .......... [RUN]
[0m15:15:27  19 of 46 OK created sql incremental model m2_prod_elementary.dbt_snapshots ..... [[32mCREATE TABLE (0.0 rows, 0 processed)[0m in 4.41s]
[0m15:15:27  20 of 46 START sql incremental model m2_prod_elementary.dbt_source_freshness_results  [RUN]
[0m15:15:27  11 of 46 OK created sql incremental model m2_prod_elementary.dbt_columns ....... [[32mCREATE TABLE (0.0 rows, 0 processed)[0m in 15.60s]
[0m15:15:27  21 of 46 START sql incremental model m2_prod_elementary.dbt_sources ............ [RUN]
[0m15:15:30  20 of 46 OK created sql incremental model m2_prod_elementary.dbt_source_freshness_results  [[32mCREATE TABLE (0.0 rows, 0 processed)[0m in 3.11s]
[0m15:15:30  22 of 46 START sql incremental model m2_prod_elementary.dbt_tests .............. [RUN]
[0m15:15:32  16 of 46 OK created sql incremental model m2_prod_elementary.dbt_models ........ [[32mCREATE TABLE (0.0 rows, 0 processed)[0m in 14.61s]
[0m15:15:32  23 of 46 START sql incremental model m2_prod_elementary.elementary_test_results  [RUN]
[0m15:15:35  18 of 46 OK created sql incremental model m2_prod_elementary.dbt_seeds ......... [[32mCREATE TABLE (0.0 rows, 0 processed)[0m in 13.66s]
[0m15:15:35  24 of 46 START sql table model m2_prod_elementary.metadata ..................... [RUN]
[0m15:15:35  23 of 46 OK created sql incremental model m2_prod_elementary.elementary_test_results  [[32mCREATE TABLE (0.0 rows, 0 processed)[0m in 2.59s]
[0m15:15:35  25 of 46 START sql incremental model m2_prod_elementary.schema_columns_snapshot  [RUN]
[0m15:15:38  24 of 46 OK created sql table model m2_prod_elementary.metadata ................ [[32mCREATE TABLE (1.0 rows, 0 processed)[0m in 2.93s]
[0m15:15:38  26 of 46 START sql table model m2_prod.dim_payments ............................ [RUN]
[0m15:15:40  25 of 46 OK created sql incremental model m2_prod_elementary.schema_columns_snapshot  [[32mCREATE TABLE (0.0 rows, 0 processed)[0m in 3.95s]
[0m15:15:40  27 of 46 START sql table model m2_prod.dim_geolocation ......................... [RUN]
[0m15:15:41  21 of 46 OK created sql incremental model m2_prod_elementary.dbt_sources ....... [[32mCREATE TABLE (0.0 rows, 0 processed)[0m in 13.75s]
[0m15:15:41  28 of 46 START sql table model m2_prod.dim_dates ............................... [RUN]
[0m15:15:41  26 of 46 OK created sql table model m2_prod.dim_payments ....................... [[32mCREATE TABLE (6.0 rows, 9.7 MiB processed)[0m in 3.65s]
[0m15:15:41  29 of 46 START sql incremental model m2_prod.fact_order_items .................. [RUN]
[0m15:15:44  27 of 46 OK created sql table model m2_prod.dim_geolocation .................... [[32mCREATE TABLE (19.0k rows, 61.3 MiB processed)[0m in 3.59s]
[0m15:15:44  30 of 46 START sql table model m2_prod.dim_products ............................ [RUN]
[0m15:15:45  28 of 46 OK created sql table model m2_prod.dim_dates .......................... [[32mCREATE TABLE (616.0 rows, 18.4 MiB processed)[0m in 3.71s]
[0m15:15:45  31 of 46 START sql view model m2_prod_elementary.metrics_anomaly_score ......... [RUN]
[0m15:15:46  31 of 46 OK created sql view model m2_prod_elementary.metrics_anomaly_score .... [[32mCREATE VIEW (0 processed)[0m in 1.15s]
[0m15:15:46  32 of 46 START sql view model m2_prod_elementary.monitors_runs ................. [RUN]
[0m15:15:46  22 of 46 OK created sql incremental model m2_prod_elementary.dbt_tests ......... [[32mCREATE TABLE (0.0 rows, 0 processed)[0m in 16.50s]
[0m15:15:46  33 of 46 START sql view model m2_prod_elementary.job_run_results ............... [RUN]
[0m15:15:46  29 of 46 OK created sql incremental model m2_prod.fact_order_items ............. [[32mCREATE TABLE (112.7k rows, 63.0 MiB processed)[0m in 5.05s]
[0m15:15:46  34 of 46 START sql view model m2_prod_elementary.snapshot_run_results .......... [RUN]
[0m15:15:47  32 of 46 OK created sql view model m2_prod_elementary.monitors_runs ............ [[32mCREATE VIEW (0 processed)[0m in 1.11s]
[0m15:15:47  35 of 46 START sql view model m2_prod_elementary.model_run_results ............. [RUN]
[0m15:15:48  33 of 46 OK created sql view model m2_prod_elementary.job_run_results .......... [[32mCREATE VIEW (0 processed)[0m in 1.29s]
[0m15:15:48  36 of 46 START sql view model m2_prod_elementary.seed_run_results .............. [RUN]
[0m15:15:48  34 of 46 OK created sql view model m2_prod_elementary.snapshot_run_results ..... [[32mCREATE VIEW (0 processed)[0m in 1.28s]
[0m15:15:48  37 of 46 START sql view model m2_prod_elementary.alerts_anomaly_detection ...... [RUN]
[0m15:15:48  30 of 46 OK created sql table model m2_prod.dim_products ....................... [[32mCREATE TABLE (33.0k rows, 4.3 MiB processed)[0m in 4.00s]
[0m15:15:48  38 of 46 START sql view model m2_prod_elementary.alerts_dbt_tests .............. [RUN]
[0m15:15:48  35 of 46 OK created sql view model m2_prod_elementary.model_run_results ........ [[32mCREATE VIEW (0 processed)[0m in 1.17s]
[0m15:15:48  39 of 46 START sql view model m2_prod_elementary.alerts_schema_changes ......... [RUN]
[0m15:15:49  37 of 46 OK created sql view model m2_prod_elementary.alerts_anomaly_detection . [[32mCREATE VIEW (0 processed)[0m in 1.20s]
[0m15:15:49  40 of 46 START sql incremental model m2_prod_elementary.test_result_rows ....... [RUN]
[0m15:15:49  36 of 46 OK created sql view model m2_prod_elementary.seed_run_results ......... [[32mCREATE VIEW (0 processed)[0m in 1.33s]
[0m15:15:49  41 of 46 START sql view model m2_prod_elementary.alerts_dbt_source_freshness ... [RUN]
[0m15:15:49  38 of 46 OK created sql view model m2_prod_elementary.alerts_dbt_tests ......... [[32mCREATE VIEW (0 processed)[0m in 1.28s]
[0m15:15:49  42 of 46 START sql table model m2_prod.dim_customers ........................... [RUN]
[0m15:15:50  39 of 46 OK created sql view model m2_prod_elementary.alerts_schema_changes .... [[32mCREATE VIEW (0 processed)[0m in 1.14s]
[0m15:15:50  43 of 46 START sql table model m2_prod.dim_sellers ............................. [RUN]
[0m15:15:50  41 of 46 OK created sql view model m2_prod_elementary.alerts_dbt_source_freshness  [[32mCREATE VIEW (0 processed)[0m in 1.22s]
[0m15:15:50  44 of 46 START sql view model m2_prod_elementary.anomaly_threshold_sensitivity . [RUN]
[0m15:15:52  44 of 46 OK created sql view model m2_prod_elementary.anomaly_threshold_sensitivity  [[32mCREATE VIEW (0 processed)[0m in 1.35s]
[0m15:15:52  45 of 46 START sql view model m2_prod_elementary.dbt_artifacts_hashes .......... [RUN]
[0m15:15:52  40 of 46 OK created sql incremental model m2_prod_elementary.test_result_rows .. [[32mCREATE TABLE (0.0 rows, 0 processed)[0m in 3.45s]
[0m15:15:52  46 of 46 START sql view model m2_prod_elementary.alerts_dbt_models ............. [RUN]
[0m15:15:53  45 of 46 OK created sql view model m2_prod_elementary.dbt_artifacts_hashes ..... [[32mCREATE VIEW (0 processed)[0m in 1.08s]
[0m15:15:53  43 of 46 OK created sql table model m2_prod.dim_sellers ........................ [[32mCREATE TABLE (3.1k rows, 772.7 KiB processed)[0m in 3.44s]
[0m15:15:53  42 of 46 OK created sql table model m2_prod.dim_customers ...................... [[32mCREATE TABLE (99.4k rows, 9.1 MiB processed)[0m in 3.90s]
[0m15:15:54  46 of 46 OK created sql view model m2_prod_elementary.alerts_dbt_models ........ [[32mCREATE VIEW (0 processed)[0m in 1.26s]
[0m15:15:54  
[0m15:16:02  1 of 1 START hook: elementary.on-run-end.0 ..................................... [RUN]
[0m15:16:02  1 of 1 OK hook: elementary.on-run-end.0 ........................................ [[32mOK[0m in 8.52s]
[0m15:16:02  
[0m15:16:02  Finished running 17 incremental models, 2 project hooks, 7 table models, 22 view models in 0 hours 0 minutes and 54.20 seconds (54.20s).
[0m15:16:02  
[0m15:16:02  [32mCompleted successfully[0m
[0m15:16:02  
[0m15:16:02  Done. PASS=48 WARN=0 ERROR=0 SKIP=0 TOTAL=48

[32m2025-09-10 23:16:05 +0800[0m - dagster - [34mDEBUG[0m - etl_job - f24dbf66-9c8b-4076-b831-b55bcf438913 - 302055 - pipeline_dbt_run - STEP_OUTPUT - Yielded output "result" of type "Nothing". (Type check passed).
[32m2025-09-10 23:16:05 +0800[0m - dagster - [34mDEBUG[0m - etl_job - f24dbf66-9c8b-4076-b831-b55bcf438913 - 302055 - pipeline_dbt_run - ASSET_MATERIALIZATION - Materialized value pipeline_dbt_run.
[32m2025-09-10 23:16:05 +0800[0m - dagster - [34mDEBUG[0m - etl_job - f24dbf66-9c8b-4076-b831-b55bcf438913 - 302055 - pipeline_dbt_run - STEP_SUCCESS - Finished execution of step "pipeline_dbt_run" in 1m1s.
